<?xml version="1.0" encoding="UTF-8" ?>
<testsuite errors="0" failures="0" hostname="LAPTOP-QPL61S7M" name="Model.DirectionTest" skipped="0" tests="16" time="0.244" timestamp="2021-01-03T21:05:54">
  <properties>
    <property name="libs.spring-framework300.classpath" value="D:\Netbeans11\NetBeans-11.1\netbeans\ide\modules\org-apache-commons-logging.jar;D:\Netbeans11\NetBeans-11.1\netbeans\java\modules\ext\cglib-2.2.jar;D:\Netbeans11\NetBeans-11.1\netbeans\java\modules\ext\spring-3.0\spring-aop-3.2.7.RELEASE.jar;D:\Netbeans11\NetBeans-11.1\netbeans\java\modules\ext\spring-3.0\spring-aspects-3.2.7.RELEASE.jar;D:\Netbeans11\NetBeans-11.1\netbeans\java\modules\ext\spring-3.0\spring-beans-3.2.7.RELEASE.jar;D:\Netbeans11\NetBeans-11.1\netbeans\java\modules\ext\spring-3.0\spring-build-src-3.2.7.RELEASE.jar;D:\Netbeans11\NetBeans-11.1\netbeans\java\modules\ext\spring-3.0\spring-context-3.2.7.RELEASE.jar;D:\Netbeans11\NetBeans-11.1\netbeans\java\modules\ext\spring-3.0\spring-context-support-3.2.7.RELEASE.jar;D:\Netbeans11\NetBeans-11.1\netbeans\java\modules\ext\spring-3.0\spring-core-3.2.7.RELEASE.jar;D:\Netbeans11\NetBeans-11.1\netbeans\java\modules\ext\spring-3.0\spring-expression-3.2.7.RELEASE.jar;D:\Netbeans11\NetBeans-11.1\netbeans\java\modules\ext\spring-3.0\spring-framework-bom-3.2.7.RELEASE.jar;D:\Netbeans11\NetBeans-11.1\netbeans\java\modules\ext\spring-3.0\spring-instrument-3.2.7.RELEASE.jar;D:\Netbeans11\NetBeans-11.1\netbeans\java\modules\ext\spring-3.0\spring-instrument-tomcat-3.2.7.RELEASE.jar;D:\Netbeans11\NetBeans-11.1\netbeans\java\modules\ext\spring-3.0\spring-jdbc-3.2.7.RELEASE.jar;D:\Netbeans11\NetBeans-11.1\netbeans\java\modules\ext\spring-3.0\spring-jms-3.2.7.RELEASE.jar;D:\Netbeans11\NetBeans-11.1\netbeans\java\modules\ext\spring-3.0\spring-orm-3.2.7.RELEASE.jar;D:\Netbeans11\NetBeans-11.1\netbeans\java\modules\ext\spring-3.0\spring-oxm-3.2.7.RELEASE.jar;D:\Netbeans11\NetBeans-11.1\netbeans\java\modules\ext\spring-3.0\spring-struts-3.2.7.RELEASE.jar;D:\Netbeans11\NetBeans-11.1\netbeans\java\modules\ext\spring-3.0\spring-test-3.2.7.RELEASE.jar;D:\Netbeans11\NetBeans-11.1\netbeans\java\modules\ext\spring-3.0\spring-tx-3.2.7.RELEASE.jar;D:\Netbeans11\NetBeans-11.1\netbeans\java\modules\ext\spring-3.0\spring-web-3.2.7.RELEASE.jar;D:\Netbeans11\NetBeans-11.1\netbeans\java\modules\ext\spring-3.0\spring-webmvc-3.2.7.RELEASE.jar;D:\Netbeans11\NetBeans-11.1\netbeans\java\modules\ext\spring-3.0\spring-webmvc-portlet-3.2.7.RELEASE.jar" />
    <property name="javac.test.classpath" value=":D:\Netbeans11\NetBeans-11.1\netbeans\platform\modules\ext\junit-4.12.jar:D:\Netbeans11\NetBeans-11.1\netbeans\platform\modules\ext\hamcrest-core-1.3.jar" />
    <property name="java.specification.version" value="11" />
    <property name="jar.index.metainf" value="false" />
    <property name="jnlp.signing.keystore" value="" />
    <property name="libs.spring-webmvc4.0.javadoc" value="" />
    <property name="libs.spring-framework400.classpath" value="D:\Netbeans11\NetBeans-11.1\netbeans\ide\modules\org-apache-commons-logging.jar;D:\Netbeans11\NetBeans-11.1\netbeans\java\modules\ext\cglib-2.2.jar;D:\Netbeans11\NetBeans-11.1\netbeans\java\modules\ext\spring-4\spring-aop-4.0.1.RELEASE.jar;D:\Netbeans11\NetBeans-11.1\netbeans\java\modules\ext\spring-4\spring-aspects-4.0.1.RELEASE.jar;D:\Netbeans11\NetBeans-11.1\netbeans\java\modules\ext\spring-4\spring-beans-4.0.1.RELEASE.jar;D:\Netbeans11\NetBeans-11.1\netbeans\java\modules\ext\spring-4\spring-build-src-4.0.1.RELEASE.jar;D:\Netbeans11\NetBeans-11.1\netbeans\java\modules\ext\spring-4\spring-context-4.0.1.RELEASE.jar;D:\Netbeans11\NetBeans-11.1\netbeans\java\modules\ext\spring-4\spring-context-support-4.0.1.RELEASE.jar;D:\Netbeans11\NetBeans-11.1\netbeans\java\modules\ext\spring-4\spring-core-4.0.1.RELEASE.jar;D:\Netbeans11\NetBeans-11.1\netbeans\java\modules\ext\spring-4\spring-expression-4.0.1.RELEASE.jar;D:\Netbeans11\NetBeans-11.1\netbeans\java\modules\ext\spring-4\spring-framework-bom-4.0.1.RELEASE.jar;D:\Netbeans11\NetBeans-11.1\netbeans\java\modules\ext\spring-4\spring-instrument-4.0.1.RELEASE.jar;D:\Netbeans11\NetBeans-11.1\netbeans\java\modules\ext\spring-4\spring-instrument-tomcat-4.0.1.RELEASE.jar;D:\Netbeans11\NetBeans-11.1\netbeans\java\modules\ext\spring-4\spring-jdbc-4.0.1.RELEASE.jar;D:\Netbeans11\NetBeans-11.1\netbeans\java\modules\ext\spring-4\spring-jms-4.0.1.RELEASE.jar;D:\Netbeans11\NetBeans-11.1\netbeans\java\modules\ext\spring-4\spring-messaging-4.0.1.RELEASE.jar;D:\Netbeans11\NetBeans-11.1\netbeans\java\modules\ext\spring-4\spring-orm-4.0.1.RELEASE.jar;D:\Netbeans11\NetBeans-11.1\netbeans\java\modules\ext\spring-4\spring-oxm-4.0.1.RELEASE.jar;D:\Netbeans11\NetBeans-11.1\netbeans\java\modules\ext\spring-4\spring-test-4.0.1.RELEASE.jar;D:\Netbeans11\NetBeans-11.1\netbeans\java\modules\ext\spring-4\spring-tx-4.0.1.RELEASE.jar;D:\Netbeans11\NetBeans-11.1\netbeans\java\modules\ext\spring-4\spring-web-4.0.1.RELEASE.jar;D:\Netbeans11\NetBeans-11.1\netbeans\java\modules\ext\spring-4\spring-webmvc-4.0.1.RELEASE.jar;D:\Netbeans11\NetBeans-11.1\netbeans\java\modules\ext\spring-4\spring-webmvc-portlet-4.0.1.RELEASE.jar;D:\Netbeans11\NetBeans-11.1\netbeans\java\modules\ext\spring-4\spring-websocket-4.0.1.RELEASE.jar" />
    <property name="test.binaryincludes" value="&lt;nothing&gt;" />
    <property name="do.jlink" value="false" />
    <property name="debug-transport" value="dt_shmem" />
    <property name="libs.javaee-web-api-8.0.src" value="" />
    <property name="java.vendor.url" value="https://openjdk.java.net/" />
    <property name="debug.modulepath" value="D:\JavaFX\javafx-sdk-13.0.2\lib\javafx-swt.jar;D:\JavaFX\javafx-sdk-13.0.2\lib\javafx.base.jar;D:\JavaFX\javafx-sdk-13.0.2\lib\javafx.controls.jar;D:\JavaFX\javafx-sdk-13.0.2\lib\javafx.fxml.jar;D:\JavaFX\javafx-sdk-13.0.2\lib\javafx.graphics.jar;D:\JavaFX\javafx-sdk-13.0.2\lib\javafx.media.jar;D:\JavaFX\javafx-sdk-13.0.2\lib\javafx.swing.jar;D:\JavaFX\javafx-sdk-13.0.2\lib\javafx.web.jar:D:\JDBC\JDBCDemo\resources\libraries\sqlite-jdbc-3.27.2.1.jar" />
    <property name="libs.jsp-compilation.src" value="" />
    <property name="libs.eclipselink.javadoc" value="" />
    <property name="libs.JWSAntTasks.javadoc" value="" />
    <property name="sun.boot.library.path" value="D:\JDK11\bin" />
    <property name="sun.java.command" value="org.apache.tools.ant.taskdefs.optional.junit.JUnitTestRunner Model.DirectionTest skipNonTests=false filtertrace=true haltOnError=false haltOnFailure=false showoutput=true outputtoformatters=true logfailedtests=true threadid=0 logtestlistenerevents=true formatter=org.apache.tools.ant.taskdefs.optional.junit.BriefJUnitResultFormatter formatter=org.apache.tools.ant.taskdefs.optional.junit.XMLJUnitResultFormatter,D:\Minesweeper\demineur\build\test\results\TEST-Model.DirectionTest.xml crashfile=D:\Minesweeper\demineur\build\junitvmwatcher17847794034119689284.properties propsfile=D:\Minesweeper\demineur\build\junit10337000615640320503.properties" />
    <property name="jdk.debug" value="release" />
    <property name="libs.spring-framework300.src" value="" />
    <property name="javadoc.use" value="true" />
    <property name="libs.javac-api.maven-pom" value="" />
    <property name="javadoc.notree" value="false" />
    <property name="basedir" value="D:\Minesweeper\demineur" />
    <property name="application.vendor" value="laity" />
    <property name="java.specification.name" value="Java Platform API Specification" />
    <property name="java.vm.specification.vendor" value="Oracle Corporation" />
    <property name="libs.javac-api.javadoc" value="" />
    <property name="libs.jsf20.classpath" value="D:\Netbeans11\NetBeans-11.1\netbeans\enterprise\modules\ext\jsf-2_2\javax.faces.jar" />
    <property name="netbeans.extbrowser.manual_chrome_plugin_install" value="yes" />
    <property name="netbeans.default_userdir_root" value="C:\Users\laity\AppData\Roaming\NetBeans" />
    <property name="libs.jsp-compilation-syscp.src" value="" />
    <property name="jdk.home" value="D:\JDK11" />
    <property name="java.runtime.version" value="11.0.9+7-LTS" />
    <property name="libs.eclipselink.maven-pom" value="" />
    <property name="libs.metro.maven-pom" value="" />
    <property name="libs.JAXB-ENDORSED.javadoc" value="" />
    <property name="sun.java2d.noddraw" value="true" />
    <property name="sun.zip.disableMemoryMapping" value="true" />
    <property name="libs.maven-dependencies.maven-pom" value="" />
    <property name="libs.jsp-compilation.javadoc" value="" />
    <property name="libs.jsf12.src" value="" />
    <property name="libs.primefaces.javadoc" value="" />
    <property name="libs.groovy-all.maven-pom" value="" />
    <property name="libs.restapi.src" value="" />
    <property name="java.vendor.version" value="18.9" />
    <property name="jnlp.enabled" value="false" />
    <property name="dist.archive.excludes" value="" />
    <property name="java.io.tmpdir" value="C:\Users\laity\AppData\Local\Temp\" />
    <property name="java.version" value="11.0.9" />
    <property name="java.vm.specification.name" value="Java Virtual Machine Specification" />
    <property name="java.library.path" value="D:\JDK11\bin;C:\WINDOWS\Sun\Java\bin;C:\WINDOWS\system32;C:\WINDOWS;C:\Program Files\Common Files\Oracle\Java\javapath;D:\RoboDK\Python37\Scripts\;D:\RoboDK\Python37\;C:\Program Files (x86)\Common Files\Siemens\Sqlany;D:\Program Files\Siemens\Automation\Step7\S7bin;D:\Program Files (x86)\tiaPortals\SCADA-RT_V11\WinCC\Bin;C:\Program Files (x86)\Common Files\Siemens\Bin;C:\Program Files (x86)\Common Files\Siemens\CommonArchiving;C:\Program Files (x86)\Common Files\Siemens\ACE\Bin;C:\Program Files (x86)\SIEMENS\S7-PCT\bin;C:\Program Files\Common Files\Siemens\Automation\Simatic OAM\bin;C:\Program Files (x86)\Common Files\Oracle\Java\javapath;C:\Program Files (x86)\Intel\iCLS Client\;C:\ProgramData\Oracle\Java\javapath;C:\Program Files\Intel\iCLS Client\;C:\windows\system32;C:\windows;C:\windows\System32\Wbem;C:\windows\System32\WindowsPowerShell\v1.0\;C:\Program Files (x86)\NVIDIA Corporation\PhysX\Common;C:\WINDOWS\system32;C:\WINDOWS;C:\WINDOWS\System32\Wbem;C:\WINDOWS\System32\WindowsPowerShell\v1.0\;C:\WINDOWS\System32\OpenSSH\;C:\Program Files\Intel\WiFi\bin\;C:\Program Files\Common Files\Intel\WirelessCommon\;C:\Program Files (x86)\Intel\Intel(R) Management Engine Components\DAL;C:\Program Files\Intel\Intel(R) Management Engine Components\DAL;C:\Program Files (x86)\Intel\Intel(R) Management Engine Components\IPT;C:\Program Files\Intel\Intel(R) Management Engine Components\IPT;D:\Program Files (x86)\Git\cmd;C:\MinGW\bin;C:\MinGW\libexec\gcc\mingw32\6.3.0;;C:\Program Files\NVIDIA Corporation\NVIDIA NvDLISR;C:\Program Files\PKWARE\pkzipc;C:\Program Files (x86)\National Instruments\Shared\LabVIEW CLI;C:\Program Files (x86)\IVI Foundation\VISA\WinNT\Bin\;C:\Program Files\IVI Foundation\VISA\Win64\Bin\;C:\Program Files (x86)\IVI Foundation\VISA\WinNT\Bin;C:\Program Files (x86)\Microsoft SQL Server\Client SDK\ODBC\110\Tools\Binn\;C:\Program Files (x86)\Microsoft SQL Server\120\Tools\Binn\;C:\Program Files (x86)\Microsoft SQL Server\120\DTS\Binn\;D:\Program Files (x86)\tiaPortals\SCADA-RT_V11\WinCC\Interfaces;C:\Program Files (x86)\Common Files\Siemens\;C:\Program Files (x86)\Common Files\Siemens\Interfaces;C:\Program Files (x86)\Common Files\Siemens\ACE\Interfaces;D;C:\Program Files\PuTTY\;C:\WINDOWS\system32;C:\WINDOWS;C:\WINDOWS\System32\Wbem;C:\WINDOWS\System32\WindowsPowerShell\v1.0\;C:\WINDOWS\System32\OpenSSH\;C:\Users\laity\AppData\Local\Programs\Python\Python39\Scripts\;C:\Users\laity\AppData\Local\Programs\Python\Python39\;C:\Users\laity\AppData\Local\Microsoft\WindowsApps;&quot;;C:\MinGW\bin&quot;;;D:\Microsoft VS Code\bin;." />
    <property name="libs.hamcrest.src" value="" />
    <property name="java.vendor" value="Oracle Corporation" />
    <property name="libs.groovy-all.src" value="" />
    <property name="libs.testng.javadoc" value="D:\Netbeans11\NetBeans-11.1\netbeans\platform\docs\testng-6.8.1-javadoc.zip" />
    <property name="meta.inf.dir" value="src/META-INF" />
    <property name="run.upgrademodulepath" value="" />
    <property name="libs.message_de_bite.maven-pom" value="" />
    <property name="compile.on.save" value="true" />
    <property name="libs.testng.maven-pom" value="" />
    <property name="jlink.additionalparam" value="" />
    <property name="org.openide.version" value="deprecated" />
    <property name="run.classpath" value=":build/classes" />
    <property name="libs.JAVADB_DRIVER_LABEL.src" value="" />
    <property name="libs.jaxb.src" value="" />
    <property name="sun.awt.enableExtraMouseButtons" value="true" />
    <property name="test.src.dir" value="test" />
    <property name="org.openide.major.version" value="IDE/1" />
    <property name="libs.spring-framework300.javadoc" value="" />
    <property name="ap.proc.none.internal" value="" />
    <property name="org.openide.specification.version" value="6.2" />
    <property name="user.timezone" value="" />
    <property name="jar.index" value="false" />
    <property name="libs.jpa20-persistence.classpath" value="D:\Netbeans11\NetBeans-11.1\netbeans\java\modules\ext\eclipselink\javax.persistence-2.1.0.jar" />
    <property name="libs.eclipselinkmodelgen.javadoc" value="" />
    <property name="java.vm.specification.version" value="11" />
    <property name="javadoc.noindex" value="false" />
    <property name="javadoc.private" value="false" />
    <property name="libs.spring-webmvc4.0.maven-pom" value="" />
    <property name="libs.JAXB-ENDORSED.maven-pom" value="" />
    <property name="user.home" value="C:\Users\laity" />
    <property name="libs.eclipselinkmodelgen.maven-pom" value="" />
    <property name="have.sources" value="true" />
    <property name="annotation.processing.processors.list" value="" />
    <property name="javac.deprecation" value="false" />
    <property name="jlink.launcher" value="true" />
    <property name="manifest.custom.caller.allowable.codebase" value="" />
    <property name="build.generated.sources.dir" value="build/generated-sources" />
    <property name="plugin.manager.check.updates" value="false" />
    <property name="ant.file.Demineur" value="D:\Minesweeper\demineur\build.xml" />
    <property name="netbeans.autoupdate.language" value="fr" />
    <property name="libs.JavaFX13.javadoc" value="" />
    <property name="build.compiler.emacs" value="true" />
    <property name="libs.eclipselinkmodelgen.src" value="" />
    <property name="build.classes.excludes" value="**/*.java,**/*.form" />
    <property name="dist.jar" value="dist/Demineur.jar" />
    <property name="libs.spring-webmvc4.0.classpath" value="D:\Netbeans11\NetBeans-11.1\netbeans\java\modules\ext\spring-4\spring-webmvc-4.0.1.RELEASE.jar" />
    <property name="modules.supported.internal" value="true" />
    <property name="libs.javaee-endorsed-api-7.0.javadoc" value="D:\Netbeans11\NetBeans-11.1\netbeans\enterprise\docs\javaee-doc-api.jar" />
    <property name="os.version" value="10.0" />
    <property name="netbeans.home" value="D:\Netbeans11\NetBeans-11.1\netbeans\platform" />
    <property name="libs.CopyLibs.javadoc" value="" />
    <property name="debug-transport-by-os" value="dt_shmem" />
    <property name="libs.javaee-api-8.0.javadoc" value="D:\Netbeans11\NetBeans-11.1\netbeans\enterprise\docs\javaee-doc-api.jar" />
    <property name="libs.jsf20.src" value="" />
    <property name="java.vm.name" value="Java HotSpot(TM) 64-Bit Server VM" />
    <property name="libs.jstl.javadoc" value="D:\Netbeans11\NetBeans-11.1\netbeans\enterprise\docs\javaee-doc-api.jar" />
    <property name="libs.javaee-endorsed-api-7.0.maven-pom" value="" />
    <property name="libs.jaxws21.classpath" value="D:\Netbeans11\NetBeans-11.1\netbeans\java\modules\ext\jaxws22\FastInfoset.jar;D:\Netbeans11\NetBeans-11.1\netbeans\java\modules\ext\jaxws22\gmbal-api-only.jar;D:\Netbeans11\NetBeans-11.1\netbeans\java\modules\ext\jaxws22\ha-api.jar;D:\Netbeans11\NetBeans-11.1\netbeans\java\modules\ext\jaxws22\javax.mail_1.4.jar;D:\Netbeans11\NetBeans-11.1\netbeans\java\modules\ext\jaxws22\jaxws-rt.jar;D:\Netbeans11\NetBeans-11.1\netbeans\java\modules\ext\jaxws22\jaxws-tools.jar;D:\Netbeans11\NetBeans-11.1\netbeans\java\modules\ext\jaxws22\management-api.jar;D:\Netbeans11\NetBeans-11.1\netbeans\java\modules\ext\jaxws22\mimepull.jar;D:\Netbeans11\NetBeans-11.1\netbeans\java\modules\ext\jaxws22\policy.jar;D:\Netbeans11\NetBeans-11.1\netbeans\java\modules\ext\jaxws22\saaj-impl.jar;D:\Netbeans11\NetBeans-11.1\netbeans\java\modules\ext\jaxws22\stax-ex.jar;D:\Netbeans11\NetBeans-11.1\netbeans\java\modules\ext\jaxws22\stax2-api.jar;D:\Netbeans11\NetBeans-11.1\netbeans\java\modules\ext\jaxws22\streambuffer.jar;D:\Netbeans11\NetBeans-11.1\netbeans\java\modules\ext\jaxws22\woodstox-core-asl.jar;D:\Netbeans11\NetBeans-11.1\netbeans\java\modules\ext\jaxws22\api\jaxws-api.jar;D:\Netbeans11\NetBeans-11.1\netbeans\java\modules\ext\jaxws22\api\jsr181-api.jar;D:\Netbeans11\NetBeans-11.1\netbeans\java\modules\ext\jaxws22\api\javax.annotation.jar;D:\Netbeans11\NetBeans-11.1\netbeans\java\modules\ext\jaxws22\api\saaj-api.jar;D:\Netbeans11\NetBeans-11.1\netbeans\ide\modules\ext\jaxb\activation.jar;D:\Netbeans11\NetBeans-11.1\netbeans\ide\modules\ext\jaxb\api\jaxb-api.jar" />
    <property name="libs.restapi.classpath" value="D:\Netbeans11\NetBeans-11.1\netbeans\enterprise\modules\ext\jaxrs-2.0\javax.ws.rs-api-2.0.jar" />
    <property name="os.arch" value="amd64" />
    <property name="build.generated.dir" value="build/generated" />
    <property name="libs.groovy-all.javadoc" value="" />
    <property name="libs.javaee-web-api-7.0.javadoc" value="D:\Netbeans11\NetBeans-11.1\netbeans\enterprise\docs\javaee-doc-api.jar" />
    <property name="ant.file.Demineur-impl" value="D:\Minesweeper\demineur\nbproject\build-impl.xml" />
    <property name="jnlp.descriptor" value="application" />
    <property name="libs.jsf12.maven-pom" value="" />
    <property name="libs.javaee-endorsed-api-7.0.classpath" value="D:\Netbeans11\NetBeans-11.1\netbeans\enterprise\modules\ext\javaee7-endorsed\javax.annotation-api.jar;D:\Netbeans11\NetBeans-11.1\netbeans\enterprise\modules\ext\javaee7-endorsed\javax.xml.soap-api.jar;D:\Netbeans11\NetBeans-11.1\netbeans\enterprise\modules\ext\javaee7-endorsed\jaxb-api-osgi.jar;D:\Netbeans11\NetBeans-11.1\netbeans\enterprise\modules\ext\javaee7-endorsed\jaxws-api.jar;D:\Netbeans11\NetBeans-11.1\netbeans\enterprise\modules\ext\javaee7-endorsed\jsr181-api.jar" />
    <property name="libs.primefaces.maven-pom" value="" />
    <property name="org.netbeans.io.suspend" value="0" />
    <property name="awt.toolkit" value="sun.awt.windows.WToolkit" />
    <property name="ant.project.name" value="Demineur" />
    <property name="dist.javadoc.dir" value="dist/javadoc" />
    <property name="default.javac.target" value="11" />
    <property name="javac.fork" value="true" />
    <property name="libs.eclipselink.classpath" value="D:\Netbeans11\NetBeans-11.1\netbeans\java\modules\ext\eclipselink\org.eclipse.persistence.core-2.5.2.jar;D:\Netbeans11\NetBeans-11.1\netbeans\java\modules\ext\eclipselink\org.eclipse.persistence.asm-2.5.2.jar;D:\Netbeans11\NetBeans-11.1\netbeans\java\modules\ext\eclipselink\org.eclipse.persistence.antlr-2.5.2.jar;D:\Netbeans11\NetBeans-11.1\netbeans\java\modules\ext\eclipselink\org.eclipse.persistence.jpa-2.5.2.jar;D:\Netbeans11\NetBeans-11.1\netbeans\java\modules\ext\eclipselink\org.eclipse.persistence.jpa.jpql-2.5.2.jar;D:\Netbeans11\NetBeans-11.1\netbeans\java\modules\ext\eclipselink\javax.persistence-2.1.0.jar" />
    <property name="libs.Comet-GlassFish-v3.classpath" value="" />
    <property name="libs.javac-api.classpath" value="" />
    <property name="libs.Comet-GlassFish-v3.javadoc" value="" />
    <property name="libs.struts.classpath" value="D:\Netbeans11\NetBeans-11.1\netbeans\enterprise\modules\ext\struts\antlr-2.7.2.jar;D:\Netbeans11\NetBeans-11.1\netbeans\enterprise\modules\ext\struts\bsf-2.3.0.jar;D:\Netbeans11\NetBeans-11.1\netbeans\enterprise\modules\ext\struts\commons-beanutils-1.8.0.jar;D:\Netbeans11\NetBeans-11.1\netbeans\enterprise\modules\ext\struts\commons-chain-1.2.jar;D:\Netbeans11\NetBeans-11.1\netbeans\enterprise\modules\ext\struts\commons-digester-1.8.jar;D:\Netbeans11\NetBeans-11.1\netbeans\enterprise\modules\ext\struts\commons-fileupload-1.1.1.jar;D:\Netbeans11\NetBeans-11.1\netbeans\enterprise\modules\ext\struts\commons-io-1.1.jar;D:\Netbeans11\NetBeans-11.1\netbeans\enterprise\modules\ext\struts\commons-logging-1.0.4.jar;D:\Netbeans11\NetBeans-11.1\netbeans\enterprise\modules\ext\struts\commons-validator-1.3.1.jar;D:\Netbeans11\NetBeans-11.1\netbeans\enterprise\modules\ext\struts\jstl-1.0.2.jar;D:\Netbeans11\NetBeans-11.1\netbeans\enterprise\modules\ext\struts\oro-2.0.8.jar;D:\Netbeans11\NetBeans-11.1\netbeans\enterprise\modules\ext\struts\standard-1.0.6.jar;D:\Netbeans11\NetBeans-11.1\netbeans\enterprise\modules\ext\struts\struts-core-1.3.10.jar;D:\Netbeans11\NetBeans-11.1\netbeans\enterprise\modules\ext\struts\struts-el-1.3.10.jar;D:\Netbeans11\NetBeans-11.1\netbeans\enterprise\modules\ext\struts\struts-extras-1.3.10.jar;D:\Netbeans11\NetBeans-11.1\netbeans\enterprise\modules\ext\struts\struts-faces-1.3.10.jar;D:\Netbeans11\NetBeans-11.1\netbeans\enterprise\modules\ext\struts\struts-mailreader-dao-1.3.10.jar;D:\Netbeans11\NetBeans-11.1\netbeans\enterprise\modules\ext\struts\struts-scripting-1.3.10.jar;D:\Netbeans11\NetBeans-11.1\netbeans\enterprise\modules\ext\struts\struts-taglib-1.3.10.jar;D:\Netbeans11\NetBeans-11.1\netbeans\enterprise\modules\ext\struts\struts-tiles-1.3.10.jar" />
    <property name="libs.EclipseLink-GlassFish-v3.src" value="" />
    <property name="libs.PostgreSQLDriver.maven-pom" value="" />
    <property name="libs.absolutelayout.src" value="" />
    <property name="testng.mode" value="testng" />
    <property name="annotation.processing.enabled.in.editor" value="false" />
    <property name="java.vm.compressedOopsMode" value="32-bit" />
    <property name="netbeans.productversion" value="Apache NetBeans IDE 11.1" />
    <property name="mkdist.disabled" value="false" />
    <property name="libs.javaee-web-api-6.0.javadoc" value="D:\Netbeans11\NetBeans-11.1\netbeans\enterprise\docs\javaee-doc-api.jar" />
    <property name="libs.javaee-api-7.0.maven-pom" value="" />
    <property name="libs.groovy-all.classpath" value="D:\Netbeans11\NetBeans-11.1\netbeans\groovy\modules\ext\groovy.jar;D:\Netbeans11\NetBeans-11.1\netbeans\groovy\modules\ext\groovy-ant.jar" />
    <property name="libs.absolutelayout.javadoc" value="" />
    <property name="libs.Java-EE-GlassFish-v3-Prelude.javadoc" value="C:\Program Files (x86)\NetBeans 8.2\enterprise\docs\javaee-doc-api.jar" />
    <property name="module.build.classes.dir" value="build/classes" />
    <property name="libs.Java-EE-GlassFish-v3-Prelude.maven-pom" value="" />
    <property name="annotation.processing.processor.options" value="" />
    <property name="libs.jaxb.maven-pom" value="" />
    <property name="libs.javaee-api-6.0.maven-pom" value="" />
    <property name="dist.dir" value="dist" />
    <property name="build.dir" value="build" />
    <property name="netbeans.autoupdate.variant" value="" />
    <property name="javadoc.version" value="false" />
    <property name="libs.metro.classpath" value="D:\Netbeans11\NetBeans-11.1\netbeans\ide\modules\ext\jaxb\activation.jar;D:\Netbeans11\NetBeans-11.1\netbeans\enterprise\modules\ext\metro\webservices-api.jar;D:\Netbeans11\NetBeans-11.1\netbeans\enterprise\modules\ext\metro\webservices-extra-api.jar;D:\Netbeans11\NetBeans-11.1\netbeans\enterprise\modules\ext\metro\webservices-extra.jar;D:\Netbeans11\NetBeans-11.1\netbeans\enterprise\modules\ext\metro\webservices-rt.jar;D:\Netbeans11\NetBeans-11.1\netbeans\enterprise\modules\ext\metro\webservices-tools.jar" />
    <property name="libs.metro.src" value="" />
    <property name="libs.CopyLibs.classpath" value="D:\Netbeans11\NetBeans-11.1\netbeans\java\ant\extra\org-netbeans-modules-java-j2seproject-copylibstask.jar" />
    <property name="sun.os.patch.level" value="" />
    <property name="libs.message_de_bite.javadoc" value="" />
    <property name="javadoc.html5" value="false" />
    <property name="javac.test.processorpath" value=":D:\Netbeans11\NetBeans-11.1\netbeans\platform\modules\ext\junit-4.12.jar:D:\Netbeans11\NetBeans-11.1\netbeans\platform\modules\ext\hamcrest-core-1.3.jar" />
    <property name="libs.javaee-web-api-7.0.maven-pom" value="" />
    <property name="libs.javaee-web-api-8.0.maven-pom" value="" />
    <property name="netbeans.dirs" value="D:\Netbeans11\NetBeans-11.1\netbeans\nb;D:\Netbeans11\NetBeans-11.1\netbeans\ergonomics;D:\Netbeans11\NetBeans-11.1\netbeans\ide;D:\Netbeans11\NetBeans-11.1\netbeans\extide;D:\Netbeans11\NetBeans-11.1\netbeans\java;D:\Netbeans11\NetBeans-11.1\netbeans\apisupport;D:\Netbeans11\NetBeans-11.1\netbeans\webcommon;D:\Netbeans11\NetBeans-11.1\netbeans\websvccommon;D:\Netbeans11\NetBeans-11.1\netbeans\enterprise;D:\Netbeans11\NetBeans-11.1\netbeans\mobility;D:\Netbeans11\NetBeans-11.1\netbeans\profiler;D:\Netbeans11\NetBeans-11.1\netbeans\python;D:\Netbeans11\NetBeans-11.1\netbeans\php;D:\Netbeans11\NetBeans-11.1\netbeans\identity;D:\Netbeans11\NetBeans-11.1\netbeans\harness;D:\Netbeans11\NetBeans-11.1\netbeans\cnd;D:\Netbeans11\NetBeans-11.1\netbeans\cndext;D:\Netbeans11\NetBeans-11.1\netbeans\dlight;D:\Netbeans11\NetBeans-11.1\netbeans\groovy;D:\Netbeans11\NetBeans-11.1\netbeans\extra;D:\Netbeans11\NetBeans-11.1\netbeans\javacard;D:\Netbeans11\NetBeans-11.1\netbeans\javafx" />
    <property name="libs.JAVADB_DRIVER_LABEL.javadoc" value="" />
    <property name="libs.hamcrest.maven-pom" value="" />
    <property name="javac.processorpath" value="" />
    <property name="libs.javaee-api-6.0.javadoc" value="D:\Netbeans11\NetBeans-11.1\netbeans\enterprise\docs\javaee-doc-api.jar" />
    <property name="libs.JWSAntTasks.maven-pom" value="" />
    <property name="run.modulepath" value="D:\JavaFX\javafx-sdk-13.0.2\lib\javafx-swt.jar;D:\JavaFX\javafx-sdk-13.0.2\lib\javafx.base.jar;D:\JavaFX\javafx-sdk-13.0.2\lib\javafx.controls.jar;D:\JavaFX\javafx-sdk-13.0.2\lib\javafx.fxml.jar;D:\JavaFX\javafx-sdk-13.0.2\lib\javafx.graphics.jar;D:\JavaFX\javafx-sdk-13.0.2\lib\javafx.media.jar;D:\JavaFX\javafx-sdk-13.0.2\lib\javafx.swing.jar;D:\JavaFX\javafx-sdk-13.0.2\lib\javafx.web.jar:D:\JDBC\JDBCDemo\resources\libraries\sqlite-jdbc-3.27.2.1.jar" />
    <property name="javac.upgrademodulepath" value="" />
    <property name="jnlp.codebase.type" value="no.codebase" />
    <property name="do.archive+manifest.available" value="true" />
    <property name="apple.laf.useScreenMenuBar" value="true" />
    <property name="user.country" value="FR" />
    <property name="sun.java.launcher" value="SUN_STANDARD" />
    <property name="libs.restapi.javadoc" value="" />
    <property name="libs.jpa20-persistence.src" value="" />
    <property name="endorsed.classpath" value="" />
    <property name="javac.test.sourcepath" value="D:\Minesweeper\demineur\build\empty" />
    <property name="libs.spring-webmvc3.0.maven-pom" value="" />
    <property name="includes" value="Model/**/*Test.java" />
    <property name="libs.JavaFX13.classpath" value="D:\JavaFX\javafx-sdk-13.0.2\lib\javafx-swt.jar;D:\JavaFX\javafx-sdk-13.0.2\lib\javafx.base.jar;D:\JavaFX\javafx-sdk-13.0.2\lib\javafx.controls.jar;D:\JavaFX\javafx-sdk-13.0.2\lib\javafx.fxml.jar;D:\JavaFX\javafx-sdk-13.0.2\lib\javafx.graphics.jar;D:\JavaFX\javafx-sdk-13.0.2\lib\javafx.media.jar;D:\JavaFX\javafx-sdk-13.0.2\lib\javafx.swing.jar;D:\JavaFX\javafx-sdk-13.0.2\lib\javafx.web.jar" />
    <property name="libs.jsf12.javadoc" value="D:\Netbeans11\NetBeans-11.1\netbeans\enterprise\docs\javaee-doc-api.jar" />
    <property name="libs.hamcrest.classpath" value="D:\Netbeans11\NetBeans-11.1\netbeans\platform\modules\ext\hamcrest-core-1.3.jar" />
    <property name="javadoc.splitindex" value="true" />
    <property name="libs.JWSAntTasks.classpath" value="D:\Netbeans11\NetBeans-11.1\netbeans\java\ant\extra\org-netbeans-modules-javawebstart-anttasks.jar" />
    <property name="junit.available" value="true" />
    <property name="javac.processormodulepath" value="" />
    <property name="manifest.custom.application.library.allowable.codebase" value="" />
    <property name="javadoc.encoding" value="UTF-8" />
    <property name="netbeans.hash.code" value="unique=NB08abb50a3-d479-41a0-bed6-bca5632fad7f_306e6cd6-81ab-46cd-a6d4-004c17464431" />
    <property name="libs.jstl.src" value="" />
    <property name="libs.jsp-compilation-syscp.maven-pom" value="" />
    <property name="jlink.strip" value="false" />
    <property name="libs.spring-webmvc3.0.classpath" value="D:\Netbeans11\NetBeans-11.1\netbeans\java\modules\ext\spring-3.0\spring-webmvc-3.2.7.RELEASE.jar" />
    <property name="java.runtime.name" value="Java(TM) SE Runtime Environment" />
    <property name="libs.jaxb.javadoc" value="D:\Netbeans11\NetBeans-11.1\netbeans\ide\docs\jaxb-api-2.2.5-javadoc.jar" />
    <property name="manifest.available" value="true" />
    <property name="run.jvmargs.ide" value="" />
    <property name="ant.file.type.Demineur" value="file" />
    <property name="ant.core.lib" value="D:\Netbeans11\NetBeans-11.1\netbeans\extide\ant\lib\ant.jar" />
    <property name="libs.jsp-compilation.maven-pom" value="" />
    <property name="javac.profile.cmd.line.arg" value="" />
    <property name="do.archive+main.class.available" value="true" />
    <property name="application.title" value="Demineur" />
    <property name="ignore.failing.tests" value="true" />
    <property name="javac.test.modulepath" value="D:\JavaFX\javafx-sdk-13.0.2\lib\javafx-swt.jar;D:\JavaFX\javafx-sdk-13.0.2\lib\javafx.base.jar;D:\JavaFX\javafx-sdk-13.0.2\lib\javafx.controls.jar;D:\JavaFX\javafx-sdk-13.0.2\lib\javafx.fxml.jar;D:\JavaFX\javafx-sdk-13.0.2\lib\javafx.graphics.jar;D:\JavaFX\javafx-sdk-13.0.2\lib\javafx.media.jar;D:\JavaFX\javafx-sdk-13.0.2\lib\javafx.swing.jar;D:\JavaFX\javafx-sdk-13.0.2\lib\javafx.web.jar:D:\JDBC\JDBCDemo\resources\libraries\sqlite-jdbc-3.27.2.1.jar:build/classes" />
    <property name="libs.PostgreSQLDriver.javadoc" value="" />
    <property name="libs.jsp-compilation-syscp.classpath" value="D:\Netbeans11\NetBeans-11.1\netbeans\extide\ant\lib\ant.jar;D:\Netbeans11\NetBeans-11.1\netbeans\enterprise\modules\ext\servlet3.1-jsp2.3-api.jar;D:\Netbeans11\NetBeans-11.1\netbeans\enterprise\modules\ext\glassfish-jspparser-4.0.jar;D:\Netbeans11\NetBeans-11.1\netbeans\enterprise\modules\ext\jstl-impl.jar;D:\Netbeans11\NetBeans-11.1\netbeans\enterprise\modules\ext\jsf-2_2\javax.faces.jar" />
    <property name="libs.jsp-compilation.classpath" value="D:\Netbeans11\NetBeans-11.1\netbeans\extide\ant\lib\ant.jar;D:\Netbeans11\NetBeans-11.1\netbeans\enterprise\modules\ext\servlet3.1-jsp2.3-api.jar;D:\Netbeans11\NetBeans-11.1\netbeans\enterprise\modules\ext\glassfish-jspparser-4.0.jar;D:\Netbeans11\NetBeans-11.1\netbeans\enterprise\modules\ext\jsf-2_2\javax.faces.jar;D:\Netbeans11\NetBeans-11.1\netbeans\enterprise\modules\ext\jstl-api.jar;D:\Netbeans11\NetBeans-11.1\netbeans\extide\ant\lib\ant-launcher.jar" />
    <property name="libs.Java-EE-GlassFish-v3-Prelude.classpath" value="C:\Program Files (x86)\glassfish-4.1.1\glassfish\modules\endorsed\javax.annotation-api.jar;C:\Program Files (x86)\glassfish-4.1.1\glassfish\modules\endorsed\jaxb-api.jar;C:\Program Files (x86)\glassfish-4.1.1\glassfish\modules\endorsed\webservices-api-osgi.jar;C:\Program Files (x86)\glassfish-4.1.1\glassfish\modules\bean-validator.jar;C:\Program Files (x86)\glassfish-4.1.1\glassfish\modules\cdi-api.jar;C:\Program Files (x86)\glassfish-4.1.1\glassfish\modules\javax.batch-api.jar;C:\Program Files (x86)\glassfish-4.1.1\glassfish\modules\javax.ejb-api.jar;C:\Program Files (x86)\glassfish-4.1.1\glassfish\modules\javax.el.jar;C:\Program Files (x86)\glassfish-4.1.1\glassfish\modules\javax.enterprise.concurrent-api.jar;C:\Program Files (x86)\glassfish-4.1.1\glassfish\modules\javax.enterprise.concurrent.jar;C:\Program Files (x86)\glassfish-4.1.1\glassfish\modules\javax.enterprise.deploy-api.jar;C:\Program Files (x86)\glassfish-4.1.1\glassfish\modules\javax.faces.jar;C:\Program Files (x86)\glassfish-4.1.1\glassfish\modules\javax.inject.jar;C:\Program Files (x86)\glassfish-4.1.1\glassfish\modules\javax.interceptor-api.jar;C:\Program Files (x86)\glassfish-4.1.1\glassfish\modules\javax.jms-api.jar;C:\Program Files (x86)\glassfish-4.1.1\glassfish\modules\javax.json.jar;C:\Program Files (x86)\glassfish-4.1.1\glassfish\modules\javax.mail.jar;C:\Program Files (x86)\glassfish-4.1.1\glassfish\modules\javax.management.j2ee-api.jar;C:\Program Files (x86)\glassfish-4.1.1\glassfish\modules\javax.persistence.jar;C:\Program Files (x86)\glassfish-4.1.1\glassfish\modules\javax.resource-api.jar;C:\Program Files (x86)\glassfish-4.1.1\glassfish\modules\javax.security.auth.message-api.jar;C:\Program Files (x86)\glassfish-4.1.1\glassfish\modules\javax.security.jacc-api.jar;C:\Program Files (x86)\glassfish-4.1.1\glassfish\modules\javax.servlet-api.jar;C:\Program Files (x86)\glassfish-4.1.1\glassfish\modules\javax.servlet.jsp-api.jar;C:\Program Files (x86)\glassfish-4.1.1\glassfish\modules\javax.servlet.jsp.jar;C:\Program Files (x86)\glassfish-4.1.1\glassfish\modules\javax.servlet.jsp.jstl-api.jar;C:\Program Files (x86)\glassfish-4.1.1\glassfish\modules\javax.servlet.jsp.jstl.jar;C:\Program Files (x86)\glassfish-4.1.1\glassfish\modules\javax.transaction-api.jar;C:\Program Files (x86)\glassfish-4.1.1\glassfish\modules\javax.websocket-api.jar;C:\Program Files (x86)\glassfish-4.1.1\glassfish\modules\javax.ws.rs-api.jar;C:\Program Files (x86)\glassfish-4.1.1\glassfish\modules\javax.xml.registry-api.jar;C:\Program Files (x86)\glassfish-4.1.1\glassfish\modules\javax.xml.rpc-api.jar;C:\Program Files (x86)\glassfish-4.1.1\glassfish\modules\jaxb-osgi.jar;C:\Program Files (x86)\glassfish-4.1.1\glassfish\modules\webservices-osgi.jar;C:\Program Files (x86)\glassfish-4.1.1\glassfish\modules\weld-osgi-bundle.jar;C:\Program Files (x86)\glassfish-4.1.1\mq\lib\jaxm-api.jar" />
    <property name="run.test.addexport.source.module.internal" value="Demineur" />
    <property name="libs.javaee-api-6.0.classpath" value="D:\Netbeans11\NetBeans-11.1\netbeans\enterprise\modules\ext\javaee-api-6.0.jar" />
    <property name="libs.javaee-api-7.0.classpath" value="D:\Netbeans11\NetBeans-11.1\netbeans\enterprise\modules\ext\javaee-api-7.0.jar" />
    <property name="sun.cpu.isalist" value="amd64" />
    <property name="libs.restapi.maven-pom" value="" />
    <property name="javadoc.preview" value="true" />
    <property name="do.depend" value="false" />
    <property name="sun.arch.data.model" value="64" />
    <property name="jnlp.signing.alias" value="" />
    <property name="nb.show.statistics.ui" value="usageStatisticsEnabled" />
    <property name="libs.javaee-endorsed-api-7.0.src" value="" />
    <property name="annotation.processing.enabled" value="true" />
    <property name="libs.jaxb.classpath" value="D:\Netbeans11\NetBeans-11.1\netbeans\ide\modules\ext\jaxb\jaxb-impl-2.2.5-2.jar;D:\Netbeans11\NetBeans-11.1\netbeans\ide\modules\ext\jaxb\jaxb-xjc-2.2.5-2.jar;D:\Netbeans11\NetBeans-11.1\netbeans\ide\modules\ext\jaxb\jaxb1-impl-2.2.5-2.jar;D:\Netbeans11\NetBeans-11.1\netbeans\ide\modules\ext\jaxb\activation.jar;D:\Netbeans11\NetBeans-11.1\netbeans\ide\modules\ext\jaxb\api\jaxb-api.jar" />
    <property name="libs.javaee-api-8.0.classpath" value="D:\Netbeans11\NetBeans-11.1\netbeans\enterprise\modules\ext\javaee-api-8.0.jar" />
    <property name="libs.CopyLibs.src" value="" />
    <property name="libs.JavaFX13.maven-pom" value="" />
    <property name="java.specification.vendor" value="Oracle Corporation" />
    <property name="javac.source" value="11" />
    <property name="jdk.module.path" value="D:\JavaFX\javafx-sdk-13.0.2\lib\javafx-swt.jar;D:\JavaFX\javafx-sdk-13.0.2\lib\javafx.base.jar;D:\JavaFX\javafx-sdk-13.0.2\lib\javafx.controls.jar;D:\JavaFX\javafx-sdk-13.0.2\lib\javafx.fxml.jar;D:\JavaFX\javafx-sdk-13.0.2\lib\javafx.graphics.jar;D:\JavaFX\javafx-sdk-13.0.2\lib\javafx.media.jar;D:\JavaFX\javafx-sdk-13.0.2\lib\javafx.swing.jar;D:\JavaFX\javafx-sdk-13.0.2\lib\javafx.web.jar;D:\JDBC\JDBCDemo\resources\libraries\sqlite-jdbc-3.27.2.1.jar;D:\Minesweeper\demineur\build\classes" />
    <property name="java.version.date" value="2020-10-20" />
    <property name="java.home" value="D:\JDK11" />
    <property name="work.dir" value="D:\Minesweeper\demineur" />
    <property name="jna.boot.library.name" value="jnidispatch-440" />
    <property name="javac.test.compilerargs" value="--patch-module Demineur=test --add-reads Demineur=ALL-UNNAMED" />
    <property name="libs.PostgreSQLDriver.classpath" value="D:\Netbeans11\NetBeans-11.1\netbeans\ide\modules\ext\postgresql-42.2.5.jar" />
    <property name="libs.spring-webmvc3.0.javadoc" value="" />
    <property name="libs.JAXB-ENDORSED.src" value="" />
    <property name="manifest.encoding" value="UTF-8" />
    <property name="user.script" value="" />
    <property name="manifest.custom.permissions" value="" />
    <property name="libs.spring-framework400.src" value="" />
    <property name="sun.management.compiler" value="HotSpot 64-Bit Tiered Compilers" />
    <property name="build.test.classes.dir.abs.internal" value="D:\Minesweeper\demineur\build\test\classes" />
    <property name="run.test.modulepath" value="D:\JavaFX\javafx-sdk-13.0.2\lib\javafx-swt.jar;D:\JavaFX\javafx-sdk-13.0.2\lib\javafx.base.jar;D:\JavaFX\javafx-sdk-13.0.2\lib\javafx.controls.jar;D:\JavaFX\javafx-sdk-13.0.2\lib\javafx.fxml.jar;D:\JavaFX\javafx-sdk-13.0.2\lib\javafx.graphics.jar;D:\JavaFX\javafx-sdk-13.0.2\lib\javafx.media.jar;D:\JavaFX\javafx-sdk-13.0.2\lib\javafx.swing.jar;D:\JavaFX\javafx-sdk-13.0.2\lib\javafx.web.jar:D:\JDBC\JDBCDemo\resources\libraries\sqlite-jdbc-3.27.2.1.jar:build/classes" />
    <property name="libs.maven-dependencies.src" value="" />
    <property name="libs.javaee-web-api-6.0.classpath" value="D:\Netbeans11\NetBeans-11.1\netbeans\enterprise\modules\ext\javaee-web-api-6.0.jar" />
    <property name="libs.jsp-compiler.javadoc" value="" />
    <property name="debug.test.modulepath" value="D:\JavaFX\javafx-sdk-13.0.2\lib\javafx-swt.jar;D:\JavaFX\javafx-sdk-13.0.2\lib\javafx.base.jar;D:\JavaFX\javafx-sdk-13.0.2\lib\javafx.controls.jar;D:\JavaFX\javafx-sdk-13.0.2\lib\javafx.fxml.jar;D:\JavaFX\javafx-sdk-13.0.2\lib\javafx.graphics.jar;D:\JavaFX\javafx-sdk-13.0.2\lib\javafx.media.jar;D:\JavaFX\javafx-sdk-13.0.2\lib\javafx.swing.jar;D:\JavaFX\javafx-sdk-13.0.2\lib\javafx.web.jar:D:\JDBC\JDBCDemo\resources\libraries\sqlite-jdbc-3.27.2.1.jar:build/classes" />
    <property name="libs.javaee-web-api-7.0.classpath" value="D:\Netbeans11\NetBeans-11.1\netbeans\enterprise\modules\ext\javaee-web-api-7.0.jar" />
    <property name="file.encoding" value="Cp1252" />
    <property name="java.util.logging.config.class" value="org.netbeans.core.startup.TopLogging" />
    <property name="libs.Comet-GlassFish-v3.maven-pom" value="" />
    <property name="https.nonProxyHosts" value="localhost|127.0.0.1|LAPTOP-QPL61S7M" />
    <property name="libs.restlib.javadoc" value="" />
    <property name="libs.message_de_bite.classpath" value="D:\ATLIR5 - Java\ClientServerFramework\ClientV2\MessageChatV2" />
    <property name="libs.absolutelayout.classpath" value="D:\Netbeans11\NetBeans-11.1\netbeans\java\modules\ext\AbsoluteLayout.jar" />
    <property name="do.archive" value="true" />
    <property name="libs.struts.maven-pom" value="" />
    <property name="java.awt.printerjob" value="sun.awt.windows.WPrinterJob" />
    <property name="built-jar.properties" value="D:\Minesweeper\demineur\build\built-jar.properties" />
    <property name="nb.native.filechooser" value="false" />
    <property name="libs.testng.src" value="" />
    <property name="platform.active" value="default_platform" />
    <property name="libs.javaee-web-api-8.0.classpath" value="D:\Netbeans11\NetBeans-11.1\netbeans\enterprise\modules\ext\javaee-web-api-8.0.jar" />
    <property name="manifest.file" value="manifest.mf" />
    <property name="sun.io.unicode.encoding" value="UnicodeLittle" />
    <property name="libs.struts.javadoc" value="D:\Netbeans11\NetBeans-11.1\netbeans\enterprise\docs\struts-1.3.10-javadoc.zip" />
    <property name="sun.desktop" value="windows" />
    <property name="default.javac.source" value="11" />
    <property name="libs.javaee-web-api-8.0.javadoc" value="D:\Netbeans11\NetBeans-11.1\netbeans\enterprise\docs\javaee-doc-api.jar" />
    <property name="netbeans.dynamic.classpath" value="D:\Netbeans11\NetBeans-11.1\netbeans\platform\core\asm-all-5.0.1.jar;D:\Netbeans11\NetBeans-11.1\netbeans\platform\core\core-base.jar;D:\Netbeans11\NetBeans-11.1\netbeans\platform\core\core.jar;D:\Netbeans11\NetBeans-11.1\netbeans\platform\core\org-netbeans-libs-asm.jar;D:\Netbeans11\NetBeans-11.1\netbeans\platform\core\org-openide-filesystems-compat8.jar;D:\Netbeans11\NetBeans-11.1\netbeans\platform\core\org-openide-filesystems.jar;D:\Netbeans11\NetBeans-11.1\netbeans\nb\core\org-netbeans-upgrader.jar;D:\Netbeans11\NetBeans-11.1\netbeans\nb\core\locale\core_nb.jar" />
    <property name="libs.message_de_bite.src" value="" />
    <property name="libs.eclipselinkmodelgen.classpath" value="D:\Netbeans11\NetBeans-11.1\netbeans\java\modules\ext\eclipselink\org.eclipse.persistence.jpa.modelgen.processor-2.5.2.jar" />
    <property name="javac.systemmodulepath.cmd.line.arg" value="" />
    <property name="file.reference.sqlite-jdbc-3.27.2.1.jar" value="D:\JDBC\JDBCDemo\resources\libraries\sqlite-jdbc-3.27.2.1.jar" />
    <property name="netbeans.buildnumber" value="netbeans-release-428-on-20190716" />
    <property name="php.global.include.path" value="" />
    <property name="endorsed.classpath.cmd.line.arg" value="" />
    <property name="libs.jpa20-persistence.maven-pom" value="" />
    <property name="libs.CopyLibs.maven-pom" value="" />
    <property name="os.name" value="Windows 10" />
    <property name="build.sysclasspath" value="ignore" />
    <property name="jdkBug6558476" value="false" />
    <property name="libs.JavaFX13.src" value="" />
    <property name="javadoc.author" value="false" />
    <property name="http.nonProxyHosts" value="localhost|127.0.0.1|LAPTOP-QPL61S7M" />
    <property name="main.class" value="Controller.Controller" />
    <property name="libs.jsp-compilation-syscp.javadoc" value="" />
    <property name="source.encoding" value="UTF-8" />
    <property name="jar.compress" value="false" />
    <property name="libs.javaee-api-7.0.javadoc" value="D:\Netbeans11\NetBeans-11.1\netbeans\enterprise\docs\javaee-doc-api.jar" />
    <property name="jnlp.mixed.code" value="default" />
    <property name="libs.jsf20.maven-pom" value="" />
    <property name="java.awt.graphicsenv" value="sun.awt.Win32GraphicsEnvironment" />
    <property name="libs.restlib.classpath" value="D:\Netbeans11\NetBeans-11.1\netbeans\enterprise\modules\ext\jersey2\ext\asm-all-repackaged-2.2.0-b21.jar;D:\Netbeans11\NetBeans-11.1\netbeans\enterprise\modules\ext\jersey2\ext\cglib-2.2.0-b21.jar;D:\Netbeans11\NetBeans-11.1\netbeans\enterprise\modules\ext\jersey2\ext\guava-14.0.1.jar;D:\Netbeans11\NetBeans-11.1\netbeans\enterprise\modules\ext\jersey2\ext\hk2-api-2.2.0-b21.jar;D:\Netbeans11\NetBeans-11.1\netbeans\enterprise\modules\ext\jersey2\ext\hk2-locator-2.2.0-b21.jar;D:\Netbeans11\NetBeans-11.1\netbeans\enterprise\modules\ext\jersey2\ext\hk2-utils-2.2.0-b21.jar;D:\Netbeans11\NetBeans-11.1\netbeans\enterprise\modules\ext\jersey2\ext\javax.annotation-api-1.2.jar;D:\Netbeans11\NetBeans-11.1\netbeans\enterprise\modules\ext\jersey2\ext\javax.inject-2.2.0-b21.jar;D:\Netbeans11\NetBeans-11.1\netbeans\enterprise\modules\ext\jersey2\ext\javax.servlet-api-3.0.1.jar;D:\Netbeans11\NetBeans-11.1\netbeans\enterprise\modules\ext\jersey2\ext\jaxb-api-2.2.7.jar;D:\Netbeans11\NetBeans-11.1\netbeans\enterprise\modules\ext\jersey2\ext\jersey-entity-filtering-2.5.1.jar;D:\Netbeans11\NetBeans-11.1\netbeans\enterprise\modules\ext\jersey2\ext\jersey-media-moxy-2.5.1.jar;D:\Netbeans11\NetBeans-11.1\netbeans\enterprise\modules\ext\jersey2\ext\org.osgi.core-4.2.0.jar;D:\Netbeans11\NetBeans-11.1\netbeans\enterprise\modules\ext\jersey2\ext\osgi-resource-locator-1.0.1.jar;D:\Netbeans11\NetBeans-11.1\netbeans\enterprise\modules\ext\jersey2\ext\persistence-api-1.0.jar;D:\Netbeans11\NetBeans-11.1\netbeans\enterprise\modules\ext\jersey2\ext\validation-api-1.1.0.Final.jar;D:\Netbeans11\NetBeans-11.1\netbeans\enterprise\modules\ext\jersey2\jersey-client.jar;D:\Netbeans11\NetBeans-11.1\netbeans\enterprise\modules\ext\jersey2\jersey-common.jar;D:\Netbeans11\NetBeans-11.1\netbeans\enterprise\modules\ext\jersey2\jersey-container-servlet.jar;D:\Netbeans11\NetBeans-11.1\netbeans\enterprise\modules\ext\jersey2\jersey-container-servlet-core.jar;D:\Netbeans11\NetBeans-11.1\netbeans\enterprise\modules\ext\jersey2\jersey-server.jar" />
    <property name="apple.awt.graphics.UseQuartz" value="true" />
    <property name="run.jvmargs" value="--module-path &quot;D:\JavaFX\javafx-sdk-13.0.2\lib&quot; --add-modules javafx.controls,javafx.fxml" />
    <property name="libs.primefaces.src" value="" />
    <property name="ant.file" value="D:\Minesweeper\demineur\build.xml" />
    <property name="libs.struts.src" value="" />
    <property name="path.separator" value=";" />
    <property name="libs.JAXB-ENDORSED.classpath" value="D:\Netbeans11\NetBeans-11.1\netbeans\ide\modules\ext\jaxb\api\jaxb-api.jar" />
    <property name="libs.restlib.src" value="" />
    <property name="build.test.results.dir" value="build/test/results" />
    <property name="libs.jaxws21.javadoc" value="D:\Netbeans11\NetBeans-11.1\netbeans\java\docs\jaxws-api-doc.zip" />
    <property name="libs.spring-framework400.maven-pom" value="" />
    <property name="ap.processors.internal" value="" />
    <property name="module.name" value="Demineur" />
    <property name="libs.jsf12.classpath" value="D:\Netbeans11\NetBeans-11.1\netbeans\enterprise\modules\ext\jsf-1_2\jsf-api.jar;D:\Netbeans11\NetBeans-11.1\netbeans\enterprise\modules\ext\jsf-1_2\jsf-impl.jar" />
    <property name="libs.Comet-GlassFish-v3.src" value="" />
    <property name="libs.spring-framework400.javadoc" value="" />
    <property name="libs.hamcrest.javadoc" value="" />
    <property name="libs.javac-api.src" value="" />
    <property name="do.jar" value="true" />
    <property name="java.vm.info" value="mixed mode" />
    <property name="libs.primefaces.classpath" value="D:\Netbeans11\NetBeans-11.1\netbeans\enterprise\modules\ext\primefaces\primefaces-5.0.jar" />
    <property name="libs.jaxws21.maven-pom" value="" />
    <property name="run.test.classpath" value=":D:\Netbeans11\NetBeans-11.1\netbeans\platform\modules\ext\junit-4.12.jar:D:\Netbeans11\NetBeans-11.1\netbeans\platform\modules\ext\hamcrest-core-1.3.jar" />
    <property name="dist.jlink.output" value="dist/jlink/Demineur" />
    <property name="javadoc.encoding.used" value="UTF-8" />
    <property name="java.class.version" value="55.0" />
    <property name="src.dir" value="src" />
    <property name="ant.project.default-target" value="default" />
    <property name="debug.classpath" value=":build/classes" />
    <property name="excludes" value="" />
    <property name="libs.javaee-api-7.0.src" value="" />
    <property name="sun.jnu.encoding" value="Cp1252" />
    <property name="run.test.jvmargs" value="--patch-module Demineur=build/test/classes --add-modules Demineur --add-reads Demineur=ALL-UNNAMED --add-exports Demineur/Model=ALL-UNNAMED" />
    <property name="libs.junit_4.javadoc" value="D:\Netbeans11\NetBeans-11.1\netbeans\platform\docs\junit-4.12-javadoc.jar" />
    <property name="jnlp.offline-allowed" value="false" />
    <property name="libs.spring-webmvc4.0.src" value="" />
    <property name="sun.java2d.dpiaware" value="true" />
    <property name="main.class.available" value="true" />
    <property name="libs.jsf20.javadoc" value="D:\Netbeans11\NetBeans-11.1\netbeans\enterprise\docs\javaee-doc-api.jar" />
    <property name="libs.JAVADB_DRIVER_LABEL.classpath" value="C:\Program Files (x86)\glassfish-4.1.1\javadb\lib\derby.jar;C:\Program Files (x86)\glassfish-4.1.1\javadb\lib\derbyclient.jar;C:\Program Files (x86)\glassfish-4.1.1\javadb\lib\derbynet.jar" />
    <property name="netbeans.importclass" value="org.netbeans.upgrade.AutoUpgrade" />
    <property name="jar.archive.disabled" value="false" />
    <property name="netbeans.autoupdate.version" value="1.23" />
    <property name="named.module.internal" value="true" />
    <property name="empty.dir" value="D:\Minesweeper\demineur\build\empty" />
    <property name="netbeans.user" value="C:\Users\laity\AppData\Roaming\NetBeans\11.1" />
    <property name="file.separator" value="\" />
    <property name="line.separator" value="&#xd;&#xa;" />
    <property name="javadoc.additionalparam" value="" />
    <property name="jnlp.signed" value="false" />
    <property name="javac.debug" value="true" />
    <property name="libs.restlib.maven-pom" value="" />
    <property name="libs.testng.classpath" value="D:\Netbeans11\NetBeans-11.1\netbeans\platform\modules\ext\testng-6.8.1-dist.jar" />
    <property name="project.license" value="cddl-netbeans-sun" />
    <property name="libs.jsp-compiler.src" value="" />
    <property name="libs.Java-EE-GlassFish-v3-Prelude.src" value="" />
    <property name="user.name" value="laity" />
    <property name="build.classes.dir" value="build/classes" />
    <property name="libs.maven-dependencies.javadoc" value="D:\Netbeans11\NetBeans-11.1\netbeans\enterprise\docs\javaee-doc-api.jar" />
    <property name="nb.junit.single" value="false" />
    <property name="javadoc.windowtitle" value="" />
    <property name="nb.internal.action.name" value="test.single" />
    <property name="libs.javaee-api-8.0.maven-pom" value="" />
    <property name="libs.jaxws21.src" value="" />
    <property name="libs.maven-dependencies.classpath" value="D:\Netbeans11\NetBeans-11.1\netbeans\enterprise\modules\ext\javaee6-endorsed\javax.annotation.jar;D:\Netbeans11\NetBeans-11.1\netbeans\enterprise\modules\ext\javaee6-endorsed\jaxb-api-osgi.jar;D:\Netbeans11\NetBeans-11.1\netbeans\enterprise\modules\ext\javaee6-endorsed\webservices-api-osgi.jar" />
    <property name="jna.loaded" value="true" />
    <property name="libs.jpa20-persistence.javadoc" value="" />
    <property name="ant.junit.enabletestlistenerevents" value="true" />
    <property name="libs.JWSAntTasks.src" value="" />
    <property name="ant.home" value="D:\Netbeans11\NetBeans-11.1\netbeans\extide\ant" />
    <property name="libs.spring-webmvc3.0.src" value="" />
    <property name="javac.external.vm" value="true" />
    <property name="debug.test.classpath" value=":D:\Netbeans11\NetBeans-11.1\netbeans\platform\modules\ext\junit-4.12.jar:D:\Netbeans11\NetBeans-11.1\netbeans\platform\modules\ext\hamcrest-core-1.3.jar" />
    <property name="have.tests" value="true" />
    <property name="testng.debug.mode" value="" />
    <property name="jnlp.signing" value="" />
    <property name="javac.target" value="11" />
    <property name="ant.version" value="Apache Ant(TM) version 1.10.4 compiled on June 19 2018" />
    <property name="libs.EclipseLink-GlassFish-v3.javadoc" value="C:\Program Files (x86)\NetBeans 8.2\enterprise\docs\javaee-doc-api.jar" />
    <property name="libs.absolutelayout.maven-pom" value="" />
    <property name="jdk.gtk.version" value="2.2" />
    <property name="java.failonerror" value="true" />
    <property name="javac.modulepath" value="D:\JavaFX\javafx-sdk-13.0.2\lib\javafx-swt.jar;D:\JavaFX\javafx-sdk-13.0.2\lib\javafx.base.jar;D:\JavaFX\javafx-sdk-13.0.2\lib\javafx.controls.jar;D:\JavaFX\javafx-sdk-13.0.2\lib\javafx.fxml.jar;D:\JavaFX\javafx-sdk-13.0.2\lib\javafx.graphics.jar;D:\JavaFX\javafx-sdk-13.0.2\lib\javafx.media.jar;D:\JavaFX\javafx-sdk-13.0.2\lib\javafx.swing.jar;D:\JavaFX\javafx-sdk-13.0.2\lib\javafx.web.jar:D:\JDBC\JDBCDemo\resources\libraries\sqlite-jdbc-3.27.2.1.jar" />
    <property name="user.properties.file" value="C:\Users\laity\AppData\Roaming\NetBeans\11.1\build.properties" />
    <property name="libs.javaee-api-6.0.src" value="" />
    <property name="libs.EclipseLink-GlassFish-v3.maven-pom" value="" />
    <property name="netbeans.autoupdate.country" value="FR" />
    <property name="java.class.path" value="D:\Netbeans11\NetBeans-11.1\netbeans\platform\modules\ext\junit-4.12.jar;D:\Netbeans11\NetBeans-11.1\netbeans\platform\modules\ext\hamcrest-core-1.3.jar;D:\Netbeans11\NetBeans-11.1\netbeans\extide\ant\lib\ant-launcher.jar;D:\Netbeans11\NetBeans-11.1\netbeans\extide\ant\lib\ant.jar;D:\Netbeans11\NetBeans-11.1\netbeans\extide\ant\lib\ant-junit.jar;D:\Netbeans11\NetBeans-11.1\netbeans\extide\ant\lib\ant-junit4.jar" />
    <property name="libs.javaee-web-api-6.0.maven-pom" value="" />
    <property name="java.vm.vendor" value="Oracle Corporation" />
    <property name="ap.supported.internal" value="true" />
    <property name="user.variant" value="" />
    <property name="netbeans.home+have.tests" value="true" />
    <property name="test.binaryexcludes" value="" />
    <property name="javac.compilerargs" value="" />
    <property name="libs.jstl.maven-pom" value="" />
    <property name="sun.cpu.endian" value="little" />
    <property name="libs.junit_4.src" value="D:\Netbeans11\NetBeans-11.1\netbeans\platform\docs\junit-4.12-sources.jar" />
    <property name="user.language" value="fr" />
    <property name="copylibs.rebase" value="true" />
    <property name="libs.javaee-web-api-6.0.src" value="" />
    <property name="javadoc.nonavbar" value="false" />
    <property name="libs.javaee-api-8.0.src" value="" />
    <property name="ant.java.version" value="11" />
    <property name="libs.junit_4.classpath" value="D:\Netbeans11\NetBeans-11.1\netbeans\platform\modules\ext\junit-4.12.jar" />
    <property name="libs.EclipseLink-GlassFish-v3.classpath" value="C:\Program Files (x86)\glassfish-4.1.1\glassfish\modules\org.eclipse.persistence.antlr.jar;C:\Program Files (x86)\glassfish-4.1.1\glassfish\modules\org.eclipse.persistence.asm.jar;C:\Program Files (x86)\glassfish-4.1.1\glassfish\modules\org.eclipse.persistence.core.jar;C:\Program Files (x86)\glassfish-4.1.1\glassfish\modules\org.eclipse.persistence.dbws.jar;C:\Program Files (x86)\glassfish-4.1.1\glassfish\modules\org.eclipse.persistence.jpa.jar;C:\Program Files (x86)\glassfish-4.1.1\glassfish\modules\org.eclipse.persistence.jpa.jpql.jar;C:\Program Files (x86)\glassfish-4.1.1\glassfish\modules\org.eclipse.persistence.jpa.modelgen.processor.jar;C:\Program Files (x86)\glassfish-4.1.1\glassfish\modules\org.eclipse.persistence.moxy.jar;C:\Program Files (x86)\glassfish-4.1.1\glassfish\modules\org.eclipse.persistence.oracle.jar;C:\Program Files (x86)\glassfish-4.1.1\glassfish\modules\javax.persistence.jar" />
    <property name="jlink.launcher.name" value="Demineur" />
    <property name="test.binarytestincludes" value="" />
    <property name="sun.awt.keepWorkingSetOnMinimize" value="true" />
    <property name="libs.junit_4.maven-pom" value="" />
    <property name="libs.jsp-compiler.maven-pom" value="" />
    <property name="runtime.encoding" value="UTF-8" />
    <property name="jlink.additionalmodules" value="" />
    <property name="javac.classpath" value="" />
    <property name="dist.jlink.dir" value="dist/jlink" />
    <property name="nb.junit.batch" value="true" />
    <property name="run.test.addexports.internal" value="--add-exports Demineur/Model=ALL-UNNAMED" />
    <property name="libs.JAVADB_DRIVER_LABEL.maven-pom" value="" />
    <property name="build.test.classes.dir" value="build/test/classes" />
    <property name="libs.spring-framework300.maven-pom" value="" />
    <property name="ant.project.invoked-targets" value="test" />
    <property name="libs.jstl.classpath" value="D:\Netbeans11\NetBeans-11.1\netbeans\enterprise\modules\ext\jstl-impl.jar;D:\Netbeans11\NetBeans-11.1\netbeans\enterprise\modules\ext\jstl-api.jar" />
    <property name="ap.cmd.line.internal" value="" />
    <property name="ant.file.type.Demineur-impl" value="file" />
    <property name="libs.PostgreSQLDriver.src" value="" />
    <property name="java.vendor.url.bug" value="https://bugreport.java.com/bugreport/" />
    <property name="annotation.processing.source.output" value="build/generated-sources/ap-source-output" />
    <property name="user.dir" value="D:\Minesweeper\demineur" />
    <property name="platform.java" value="D:\JDK11/bin/java" />
    <property name="application.args" value="" />
    <property name="org.xml.sax.driver" value="com.sun.org.apache.xerces.internal.jaxp.SAXParserImpl$JAXPSAXParser" />
    <property name="libs.eclipselink.src" value="" />
    <property name="manifest.custom.codebase" value="" />
    <property name="java.vm.version" value="11.0.9+7-LTS" />
    <property name="libs.metro.javadoc" value="D:\Netbeans11\NetBeans-11.1\netbeans\enterprise\docs\webservices-api-javadoc.jar;D:\Netbeans11\NetBeans-11.1\netbeans\enterprise\docs\webservices-extra-javadoc.jar;D:\Netbeans11\NetBeans-11.1\netbeans\enterprise\docs\webservices-extra-api-javadoc.jar;D:\Netbeans11\NetBeans-11.1\netbeans\enterprise\docs\webservices-rt-javadoc.jar;D:\Netbeans11\NetBeans-11.1\netbeans\enterprise\docs\webservices-tools-javadoc.jar" />
    <property name="sun.awt.datatransfer.timeout" value="1000" />
    <property name="junit.forkmode" value="perTest" />
    <property name="annotation.processing.run.all.processors" value="true" />
    <property name="libs.jsp-compiler.classpath" value="D:\Netbeans11\NetBeans-11.1\netbeans\enterprise\ant\extra\jspcompile.jar" />
    <property name="libs.javaee-web-api-7.0.src" value="" />
  </properties>
  <testcase classname="Model.DirectionTest" name="testGetColumnDownLeft" time="0.002" />
  <testcase classname="Model.DirectionTest" name="testGetRowUp" time="0.0" />
  <testcase classname="Model.DirectionTest" name="testGetColumnUpRight" time="0.0" />
  <testcase classname="Model.DirectionTest" name="testGetRowDownRight" time="0.0" />
  <testcase classname="Model.DirectionTest" name="testGetColumnDown" time="0.0" />
  <testcase classname="Model.DirectionTest" name="testGetColumnLeft" time="0.001" />
  <testcase classname="Model.DirectionTest" name="testGetRowDownLeft" time="0.0" />
  <testcase classname="Model.DirectionTest" name="testGetRowUpRight" time="0.0" />
  <testcase classname="Model.DirectionTest" name="testGetColumnUp" time="0.0" />
  <testcase classname="Model.DirectionTest" name="testGetColumnUpLeft" time="0.0" />
  <testcase classname="Model.DirectionTest" name="testGetRowRight" time="0.0" />
  <testcase classname="Model.DirectionTest" name="testGetColumnRight" time="0.0" />
  <testcase classname="Model.DirectionTest" name="testGetRowDown" time="0.001" />
  <testcase classname="Model.DirectionTest" name="testGetRowLeft" time="0.0" />
  <testcase classname="Model.DirectionTest" name="testGetColumnDownRight" time="0.0" />
  <testcase classname="Model.DirectionTest" name="testGetRowUpLeft" time="0.001" />
  <system-out><![CDATA[]]></system-out>
  <system-err><![CDATA[]]></system-err>
</testsuite>
